#! /c/Source/iverilog-install/bin/vvp
:ivl_version "12.0 (devel)" "(s20150603-1110-g18392a46)";
:ivl_delay_selection "TYPICAL";
:vpi_time_precision + 0;
:vpi_module "C:\iverilog\lib\ivl\system.vpi";
:vpi_module "C:\iverilog\lib\ivl\vhdl_sys.vpi";
:vpi_module "C:\iverilog\lib\ivl\vhdl_textio.vpi";
:vpi_module "C:\iverilog\lib\ivl\v2005_math.vpi";
:vpi_module "C:\iverilog\lib\ivl\va_math.vpi";
S_000002b731da2a10 .scope module, "controller" "controller" 2 1;
 .timescale 0 0;
    .port_info 0 /INPUT 3 "eqz";
    .port_info 1 /INPUT 1 "clk";
    .port_info 2 /INPUT 1 "signal";
    .port_info 3 /INPUT 1 "rst";
    .port_info 4 /OUTPUT 1 "c1";
    .port_info 5 /OUTPUT 1 "c2";
    .port_info 6 /OUTPUT 1 "ld1";
    .port_info 7 /OUTPUT 1 "ld2";
    .port_info 8 /OUTPUT 1 "ld4";
    .port_info 9 /OUTPUT 1 "ld5";
    .port_info 10 /OUTPUT 1 "ld6";
    .port_info 11 /OUTPUT 1 "ld7";
P_000002b731eeae80 .param/l "S0" 0 2 8, C4<000>;
P_000002b731eeaeb8 .param/l "S1" 0 2 8, C4<001>;
P_000002b731eeaef0 .param/l "S2" 0 2 8, C4<010>;
P_000002b731eeaf28 .param/l "S3" 0 2 8, C4<011>;
P_000002b731eeaf60 .param/l "S4" 0 2 8, C4<100>;
v000002b731da3250_0 .var "c1", 0 0;
v000002b731da2c70_0 .var "c2", 0 0;
o000002b731dddfd8 .functor BUFZ 1, C4<z>; HiZ drive
v000002b731da2d10_0 .net "clk", 0 0, o000002b731dddfd8;  0 drivers
o000002b731dde008 .functor BUFZ 3, C4<zzz>; HiZ drive
v000002b731da2db0_0 .net "eqz", 2 0, o000002b731dde008;  0 drivers
v000002b731da2e50_0 .var "ld1", 0 0;
v000002b731dd3450_0 .var "ld2", 0 0;
v000002b731dd34f0_0 .var "ld4", 0 0;
v000002b731dd3590_0 .var "ld5", 0 0;
v000002b731dd3630_0 .var "ld6", 0 0;
v000002b731dd36d0_0 .var "ld7", 0 0;
v000002b731dd3770_0 .var "n_state", 2 0;
o000002b731dde188 .functor BUFZ 1, C4<z>; HiZ drive
v000002b731dd3810_0 .net "rst", 0 0, o000002b731dde188;  0 drivers
o000002b731dde1b8 .functor BUFZ 1, C4<z>; HiZ drive
v000002b731dd38b0_0 .net "signal", 0 0, o000002b731dde1b8;  0 drivers
v000002b731dd4300_0 .var "state", 2 0;
E_000002b731ddb810 .event anyedge, v000002b731dd4300_0, v000002b731da2db0_0, v000002b731dd38b0_0;
E_000002b731ddb990 .event anyedge, v000002b731dd4300_0, v000002b731da2db0_0;
E_000002b731ddb050 .event posedge, v000002b731dd3810_0, v000002b731da2d10_0;
    .scope S_000002b731da2a10;
T_0 ;
    %wait E_000002b731ddb050;
    %load/vec4 v000002b731dd3810_0;
    %flag_set/vec4 8;
    %jmp/0xz  T_0.0, 8;
    %pushi/vec4 0, 0, 3;
    %assign/vec4 v000002b731dd4300_0, 0;
    %jmp T_0.1;
T_0.0 ;
    %load/vec4 v000002b731dd3770_0;
    %assign/vec4 v000002b731dd4300_0, 0;
T_0.1 ;
    %jmp T_0;
    .thread T_0;
    .scope S_000002b731da2a10;
T_1 ;
    %wait E_000002b731ddb990;
    %load/vec4 v000002b731dd4300_0;
    %dup/vec4;
    %pushi/vec4 0, 0, 3;
    %cmp/u;
    %jmp/1 T_1.0, 6;
    %dup/vec4;
    %pushi/vec4 1, 0, 3;
    %cmp/u;
    %jmp/1 T_1.1, 6;
    %dup/vec4;
    %pushi/vec4 2, 0, 3;
    %cmp/u;
    %jmp/1 T_1.2, 6;
    %dup/vec4;
    %pushi/vec4 3, 0, 3;
    %cmp/u;
    %jmp/1 T_1.3, 6;
    %pushi/vec4 0, 0, 3;
    %store/vec4 v000002b731dd3770_0, 0, 3;
    %jmp T_1.5;
T_1.0 ;
    %pushi/vec4 1, 0, 3;
    %store/vec4 v000002b731dd3770_0, 0, 3;
    %jmp T_1.5;
T_1.1 ;
    %pushi/vec4 2, 0, 3;
    %store/vec4 v000002b731dd3770_0, 0, 3;
    %jmp T_1.5;
T_1.2 ;
    %pushi/vec4 3, 0, 3;
    %store/vec4 v000002b731dd3770_0, 0, 3;
    %jmp T_1.5;
T_1.3 ;
    %load/vec4 v000002b731da2db0_0;
    %dup/vec4;
    %pushi/vec4 1, 0, 3;
    %cmp/u;
    %jmp/1 T_1.6, 6;
    %dup/vec4;
    %pushi/vec4 4, 0, 3;
    %cmp/u;
    %jmp/1 T_1.7, 6;
    %dup/vec4;
    %pushi/vec4 2, 0, 3;
    %cmp/u;
    %jmp/1 T_1.8, 6;
    %pushi/vec4 1, 0, 3;
    %store/vec4 v000002b731dd3770_0, 0, 3;
    %jmp T_1.10;
T_1.6 ;
    %pushi/vec4 1, 0, 3;
    %store/vec4 v000002b731dd3770_0, 0, 3;
    %jmp T_1.10;
T_1.7 ;
    %pushi/vec4 1, 0, 3;
    %store/vec4 v000002b731dd3770_0, 0, 3;
    %jmp T_1.10;
T_1.8 ;
    %pushi/vec4 4, 0, 3;
    %store/vec4 v000002b731dd3770_0, 0, 3;
    %jmp T_1.10;
T_1.10 ;
    %pop/vec4 1;
    %jmp T_1.5;
T_1.5 ;
    %pop/vec4 1;
    %jmp T_1;
    .thread T_1, $push;
    .scope S_000002b731da2a10;
T_2 ;
    %wait E_000002b731ddb810;
    %load/vec4 v000002b731dd4300_0;
    %dup/vec4;
    %pushi/vec4 0, 0, 3;
    %cmp/u;
    %jmp/1 T_2.0, 6;
    %dup/vec4;
    %pushi/vec4 1, 0, 3;
    %cmp/u;
    %jmp/1 T_2.1, 6;
    %dup/vec4;
    %pushi/vec4 2, 0, 3;
    %cmp/u;
    %jmp/1 T_2.2, 6;
    %dup/vec4;
    %pushi/vec4 3, 0, 3;
    %cmp/u;
    %jmp/1 T_2.3, 6;
    %dup/vec4;
    %pushi/vec4 4, 0, 3;
    %cmp/u;
    %jmp/1 T_2.4, 6;
    %pushi/vec4 0, 0, 8;
    %split/vec4 1;
    %store/vec4 v000002b731da2c70_0, 0, 1;
    %split/vec4 1;
    %store/vec4 v000002b731da3250_0, 0, 1;
    %split/vec4 1;
    %store/vec4 v000002b731dd36d0_0, 0, 1;
    %split/vec4 1;
    %store/vec4 v000002b731dd3630_0, 0, 1;
    %split/vec4 1;
    %store/vec4 v000002b731dd3590_0, 0, 1;
    %split/vec4 1;
    %store/vec4 v000002b731dd34f0_0, 0, 1;
    %split/vec4 1;
    %store/vec4 v000002b731dd3450_0, 0, 1;
    %store/vec4 v000002b731da2e50_0, 0, 1;
    %jmp T_2.6;
T_2.0 ;
    %pushi/vec4 192, 0, 8;
    %split/vec4 1;
    %store/vec4 v000002b731da2c70_0, 0, 1;
    %split/vec4 1;
    %store/vec4 v000002b731da3250_0, 0, 1;
    %split/vec4 1;
    %store/vec4 v000002b731dd36d0_0, 0, 1;
    %split/vec4 1;
    %store/vec4 v000002b731dd3630_0, 0, 1;
    %split/vec4 1;
    %store/vec4 v000002b731dd3590_0, 0, 1;
    %split/vec4 1;
    %store/vec4 v000002b731dd34f0_0, 0, 1;
    %split/vec4 1;
    %store/vec4 v000002b731dd3450_0, 0, 1;
    %store/vec4 v000002b731da2e50_0, 0, 1;
    %jmp T_2.6;
T_2.1 ;
    %pushi/vec4 44, 0, 8;
    %split/vec4 1;
    %store/vec4 v000002b731da2c70_0, 0, 1;
    %split/vec4 1;
    %store/vec4 v000002b731da3250_0, 0, 1;
    %split/vec4 1;
    %store/vec4 v000002b731dd36d0_0, 0, 1;
    %split/vec4 1;
    %store/vec4 v000002b731dd3630_0, 0, 1;
    %split/vec4 1;
    %store/vec4 v000002b731dd3590_0, 0, 1;
    %split/vec4 1;
    %store/vec4 v000002b731dd34f0_0, 0, 1;
    %split/vec4 1;
    %store/vec4 v000002b731dd3450_0, 0, 1;
    %store/vec4 v000002b731da2e50_0, 0, 1;
    %jmp T_2.6;
T_2.2 ;
    %pushi/vec4 16, 0, 8;
    %split/vec4 1;
    %store/vec4 v000002b731da2c70_0, 0, 1;
    %split/vec4 1;
    %store/vec4 v000002b731da3250_0, 0, 1;
    %split/vec4 1;
    %store/vec4 v000002b731dd36d0_0, 0, 1;
    %split/vec4 1;
    %store/vec4 v000002b731dd3630_0, 0, 1;
    %split/vec4 1;
    %store/vec4 v000002b731dd3590_0, 0, 1;
    %split/vec4 1;
    %store/vec4 v000002b731dd34f0_0, 0, 1;
    %split/vec4 1;
    %store/vec4 v000002b731dd3450_0, 0, 1;
    %store/vec4 v000002b731da2e50_0, 0, 1;
    %jmp T_2.6;
T_2.3 ;
    %load/vec4 v000002b731da2db0_0;
    %pushi/vec4 2, 0, 3;
    %cmp/e;
    %flag_get/vec4 4;
    %load/vec4 v000002b731dd38b0_0;
    %pushi/vec4 1, 0, 1;
    %cmp/e;
    %flag_get/vec4 4;
    %or;
    %flag_set/vec4 8;
    %jmp/0 T_2.7, 8;
    %pushi/vec4 0, 0, 8;
    %jmp/1 T_2.8, 8;
T_2.7 ; End of true expr.
    %load/vec4 v000002b731da2db0_0;
    %cmpi/e 4, 0, 3;
    %flag_mov 9, 4;
    %jmp/0 T_2.9, 9;
    %pushi/vec4 130, 0, 8;
    %jmp/1 T_2.10, 9;
T_2.9 ; End of true expr.
    %pushi/vec4 65, 0, 8;
    %jmp/0 T_2.10, 9;
 ; End of false expr.
    %blend;
T_2.10;
    %jmp/0 T_2.8, 8;
 ; End of false expr.
    %blend;
T_2.8;
    %split/vec4 1;
    %store/vec4 v000002b731da2c70_0, 0, 1;
    %split/vec4 1;
    %store/vec4 v000002b731da3250_0, 0, 1;
    %split/vec4 1;
    %store/vec4 v000002b731dd36d0_0, 0, 1;
    %split/vec4 1;
    %store/vec4 v000002b731dd3630_0, 0, 1;
    %split/vec4 1;
    %store/vec4 v000002b731dd3590_0, 0, 1;
    %split/vec4 1;
    %store/vec4 v000002b731dd34f0_0, 0, 1;
    %split/vec4 1;
    %store/vec4 v000002b731dd3450_0, 0, 1;
    %store/vec4 v000002b731da2e50_0, 0, 1;
    %jmp T_2.6;
T_2.4 ;
    %pushi/vec4 0, 0, 8;
    %split/vec4 1;
    %store/vec4 v000002b731da2c70_0, 0, 1;
    %split/vec4 1;
    %store/vec4 v000002b731da3250_0, 0, 1;
    %split/vec4 1;
    %store/vec4 v000002b731dd36d0_0, 0, 1;
    %split/vec4 1;
    %store/vec4 v000002b731dd3630_0, 0, 1;
    %split/vec4 1;
    %store/vec4 v000002b731dd3590_0, 0, 1;
    %split/vec4 1;
    %store/vec4 v000002b731dd34f0_0, 0, 1;
    %split/vec4 1;
    %store/vec4 v000002b731dd3450_0, 0, 1;
    %store/vec4 v000002b731da2e50_0, 0, 1;
    %jmp T_2.6;
T_2.6 ;
    %pop/vec4 1;
    %jmp T_2;
    .thread T_2, $push;
# The file index is used to find the file name in the following table.
:file_names 3;
    "N/A";
    "<interactive>";
    "controller.v";
