#! /c/Source/iverilog-install/bin/vvp
:ivl_version "12.0 (devel)" "(s20150603-1110-g18392a46)";
:ivl_delay_selection "TYPICAL";
:vpi_time_precision + 0;
:vpi_module "C:\iverilog\lib\ivl\system.vpi";
:vpi_module "C:\iverilog\lib\ivl\vhdl_sys.vpi";
:vpi_module "C:\iverilog\lib\ivl\vhdl_textio.vpi";
:vpi_module "C:\iverilog\lib\ivl\v2005_math.vpi";
:vpi_module "C:\iverilog\lib\ivl\va_math.vpi";
S_000001f9a0de2a10 .scope module, "datapath" "datapath" 2 1;
 .timescale 0 0;
    .port_info 0 /INPUT 8 "N";
    .port_info 1 /INPUT 1 "ld1";
    .port_info 2 /INPUT 1 "ld2";
    .port_info 3 /INPUT 1 "ld4";
    .port_info 4 /INPUT 1 "ld5";
    .port_info 5 /INPUT 1 "ld6";
    .port_info 6 /INPUT 1 "ld7";
    .port_info 7 /INPUT 1 "c1";
    .port_info 8 /INPUT 1 "c2";
    .port_info 9 /INPUT 1 "clk";
    .port_info 10 /OUTPUT 3 "eqz";
    .port_info 11 /OUTPUT 4 "value";
    .port_info 12 /OUTPUT 1 "signal";
o000001f9a0e1dfd8 .functor BUFZ 8, C4<zzzzzzzz>; HiZ drive
v000001f9a0e0cda0_0 .net "N", 7 0, o000001f9a0e1dfd8;  0 drivers
v000001f9a0e0cee0_0 .var "R1", 3 0;
v000001f9a0e0cf80_0 .var "R1_next", 3 0;
v000001f9a0e0d0c0_0 .var "R2", 3 0;
v000001f9a0e0c580_0 .var "R2_next", 3 0;
v000001f9a0e0c440_0 .var "R4", 3 0;
v000001f9a0e0c620_0 .var "R4_next", 3 0;
v000001f9a0e0ce40_0 .var "R5", 7 0;
v000001f9a0e0c6c0_0 .var "R5_next", 7 0;
v000001f9a0e0c760_0 .var "R6", 3 0;
v000001f9a0e0d2a0_0 .var "R6_next", 3 0;
v000001f9a0e0c800_0 .var "R7", 3 0;
v000001f9a0e0c8a0_0 .var "R7_next", 3 0;
v000001f9a0e0c940_0 .net *"_ivl_0", 4 0, L_000001f9a0e73df0;  1 drivers
L_000001f9a0e75f68 .functor BUFT 1, C4<0001>, C4<0>, C4<0>, C4<0>;
v000001f9a0e0c9e0_0 .net/2u *"_ivl_12", 3 0, L_000001f9a0e75f68;  1 drivers
L_000001f9a0e75fb0 .functor BUFT 1, C4<0001>, C4<0>, C4<0>, C4<0>;
v000001f9a0e756f0_0 .net/2u *"_ivl_16", 3 0, L_000001f9a0e75fb0;  1 drivers
v000001f9a0e744d0_0 .net *"_ivl_20", 7 0, L_000001f9a0e749d0;  1 drivers
L_000001f9a0e75ff8 .functor BUFT 1, C4<0000>, C4<0>, C4<0>, C4<0>;
v000001f9a0e74390_0 .net *"_ivl_23", 3 0, L_000001f9a0e75ff8;  1 drivers
v000001f9a0e74ed0_0 .net *"_ivl_24", 7 0, L_000001f9a0e73fd0;  1 drivers
L_000001f9a0e76040 .functor BUFT 1, C4<0000>, C4<0>, C4<0>, C4<0>;
v000001f9a0e755b0_0 .net *"_ivl_27", 3 0, L_000001f9a0e76040;  1 drivers
L_000001f9a0e75ed8 .functor BUFT 1, C4<0>, C4<0>, C4<0>, C4<0>;
v000001f9a0e75290_0 .net *"_ivl_3", 0 0, L_000001f9a0e75ed8;  1 drivers
v000001f9a0e75650_0 .net *"_ivl_36", 7 0, L_000001f9a0e742f0;  1 drivers
L_000001f9a0e76088 .functor BUFT 1, C4<0000>, C4<0>, C4<0>, C4<0>;
v000001f9a0e74570_0 .net *"_ivl_39", 3 0, L_000001f9a0e76088;  1 drivers
v000001f9a0e74d90_0 .net *"_ivl_4", 4 0, L_000001f9a0e74070;  1 drivers
v000001f9a0e74610_0 .net *"_ivl_40", 7 0, L_000001f9a0ec0a20;  1 drivers
L_000001f9a0e760d0 .functor BUFT 1, C4<0000>, C4<0>, C4<0>, C4<0>;
v000001f9a0e73b70_0 .net *"_ivl_43", 3 0, L_000001f9a0e760d0;  1 drivers
v000001f9a0e75790_0 .net *"_ivl_45", 7 0, L_000001f9a0ebfee0;  1 drivers
v000001f9a0e75010_0 .net *"_ivl_46", 0 0, L_000001f9a0ec0520;  1 drivers
L_000001f9a0e76118 .functor BUFT 1, C4<0001>, C4<0>, C4<0>, C4<0>;
v000001f9a0e74cf0_0 .net/2u *"_ivl_48", 3 0, L_000001f9a0e76118;  1 drivers
v000001f9a0e747f0_0 .net *"_ivl_50", 3 0, L_000001f9a0ebfc60;  1 drivers
L_000001f9a0e75f20 .functor BUFT 1, C4<0>, C4<0>, C4<0>, C4<0>;
v000001f9a0e74bb0_0 .net *"_ivl_7", 0 0, L_000001f9a0e75f20;  1 drivers
v000001f9a0e746b0_0 .net "adder1_out", 4 0, L_000001f9a0e74f70;  1 drivers
v000001f9a0e73ad0_0 .net "adder2_out", 3 0, L_000001f9a0e74c50;  1 drivers
o000001f9a0e1e608 .functor BUFZ 1, C4<z>; HiZ drive
v000001f9a0e74750_0 .net "c1", 0 0, o000001f9a0e1e608;  0 drivers
o000001f9a0e1e638 .functor BUFZ 1, C4<z>; HiZ drive
v000001f9a0e753d0_0 .net "c2", 0 0, o000001f9a0e1e638;  0 drivers
o000001f9a0e1e668 .functor BUFZ 1, C4<z>; HiZ drive
v000001f9a0e738f0_0 .net "clk", 0 0, o000001f9a0e1e668;  0 drivers
v000001f9a0e73990_0 .net "divider_out", 3 0, L_000001f9a0e73e90;  1 drivers
v000001f9a0e75330_0 .net "equal", 0 0, L_000001f9a0e74250;  1 drivers
v000001f9a0e75470_0 .var "eqz", 2 0;
v000001f9a0e75510_0 .net "great", 0 0, L_000001f9a0e751f0;  1 drivers
v000001f9a0e74890_0 .net "interim", 3 0, L_000001f9a0ebf3a0;  1 drivers
o000001f9a0e1e788 .functor BUFZ 1, C4<z>; HiZ drive
v000001f9a0e750b0_0 .net "ld1", 0 0, o000001f9a0e1e788;  0 drivers
o000001f9a0e1e7b8 .functor BUFZ 1, C4<z>; HiZ drive
v000001f9a0e74430_0 .net "ld2", 0 0, o000001f9a0e1e7b8;  0 drivers
o000001f9a0e1e7e8 .functor BUFZ 1, C4<z>; HiZ drive
v000001f9a0e73a30_0 .net "ld4", 0 0, o000001f9a0e1e7e8;  0 drivers
o000001f9a0e1e818 .functor BUFZ 1, C4<z>; HiZ drive
v000001f9a0e73c10_0 .net "ld5", 0 0, o000001f9a0e1e818;  0 drivers
o000001f9a0e1e848 .functor BUFZ 1, C4<z>; HiZ drive
v000001f9a0e73cb0_0 .net "ld6", 0 0, o000001f9a0e1e848;  0 drivers
o000001f9a0e1e878 .functor BUFZ 1, C4<z>; HiZ drive
v000001f9a0e75150_0 .net "ld7", 0 0, o000001f9a0e1e878;  0 drivers
v000001f9a0e74a70_0 .net "less", 0 0, L_000001f9a0e741b0;  1 drivers
v000001f9a0e73f30_0 .net "mult_out", 7 0, L_000001f9a0e74110;  1 drivers
v000001f9a0e73d50_0 .var "signal", 0 0;
v000001f9a0e74930_0 .net "sub_out", 3 0, L_000001f9a0e74e30;  1 drivers
v000001f9a0e74b10_0 .net "value", 3 0, L_000001f9a0ec0660;  1 drivers
E_000001f9a0e07590 .event posedge, v000001f9a0e738f0_0;
E_000001f9a0e06c10 .event anyedge, v000001f9a0e74a70_0, v000001f9a0e75330_0, v000001f9a0e75510_0;
E_000001f9a0e06e90/0 .event anyedge, v000001f9a0e750b0_0, v000001f9a0e74750_0, v000001f9a0e0c760_0, v000001f9a0e0cee0_0;
E_000001f9a0e06e90/1 .event anyedge, v000001f9a0e74430_0, v000001f9a0e753d0_0, v000001f9a0e0c800_0, v000001f9a0e0d0c0_0;
E_000001f9a0e06e90/2 .event anyedge, v000001f9a0e73a30_0, v000001f9a0e73990_0, v000001f9a0e0c440_0, v000001f9a0e73c10_0;
E_000001f9a0e06e90/3 .event anyedge, v000001f9a0e73f30_0, v000001f9a0e0ce40_0, v000001f9a0e73cb0_0, v000001f9a0e73ad0_0;
E_000001f9a0e06e90/4 .event anyedge, v000001f9a0e0d2a0_0, v000001f9a0e75150_0, v000001f9a0e74930_0, v000001f9a0e0c8a0_0;
E_000001f9a0e06e90 .event/or E_000001f9a0e06e90/0, E_000001f9a0e06e90/1, E_000001f9a0e06e90/2, E_000001f9a0e06e90/3, E_000001f9a0e06e90/4;
L_000001f9a0e73df0 .concat [ 4 1 0 0], v000001f9a0e0cee0_0, L_000001f9a0e75ed8;
L_000001f9a0e74070 .concat [ 4 1 0 0], v000001f9a0e0d0c0_0, L_000001f9a0e75f20;
L_000001f9a0e74f70 .arith/sum 5, L_000001f9a0e73df0, L_000001f9a0e74070;
L_000001f9a0e73e90 .part L_000001f9a0e74f70, 1, 4;
L_000001f9a0e74c50 .arith/sum 4, v000001f9a0e0c440_0, L_000001f9a0e75f68;
L_000001f9a0e74e30 .arith/sub 4, v000001f9a0e0c440_0, L_000001f9a0e75fb0;
L_000001f9a0e749d0 .concat [ 4 4 0 0], v000001f9a0e0c440_0, L_000001f9a0e75ff8;
L_000001f9a0e73fd0 .concat [ 4 4 0 0], v000001f9a0e0c440_0, L_000001f9a0e76040;
L_000001f9a0e74110 .arith/mult 8, L_000001f9a0e749d0, L_000001f9a0e73fd0;
L_000001f9a0e751f0 .cmp/gt 8, v000001f9a0e0ce40_0, o000001f9a0e1dfd8;
L_000001f9a0e741b0 .cmp/gt 8, o000001f9a0e1dfd8, v000001f9a0e0ce40_0;
L_000001f9a0e74250 .cmp/eq 8, v000001f9a0e0ce40_0, o000001f9a0e1dfd8;
L_000001f9a0e742f0 .concat [ 4 4 0 0], v000001f9a0e0cee0_0, L_000001f9a0e76088;
L_000001f9a0ec0a20 .concat [ 4 4 0 0], v000001f9a0e0cee0_0, L_000001f9a0e760d0;
L_000001f9a0ebfee0 .arith/mult 8, L_000001f9a0e742f0, L_000001f9a0ec0a20;
L_000001f9a0ec0520 .cmp/ge 8, o000001f9a0e1dfd8, L_000001f9a0ebfee0;
L_000001f9a0ebfc60 .arith/sub 4, v000001f9a0e0cee0_0, L_000001f9a0e76118;
L_000001f9a0ebf3a0 .functor MUXZ 4, L_000001f9a0ebfc60, v000001f9a0e0cee0_0, L_000001f9a0ec0520, C4<>;
L_000001f9a0ec0660 .functor MUXZ 4, v000001f9a0e0c440_0, L_000001f9a0ebf3a0, v000001f9a0e73d50_0, C4<>;
    .scope S_000001f9a0de2a10;
T_0 ;
    %wait E_000001f9a0e07590;
    %load/vec4 v000001f9a0e0cf80_0;
    %assign/vec4 v000001f9a0e0cee0_0, 0;
    %load/vec4 v000001f9a0e0c580_0;
    %assign/vec4 v000001f9a0e0d0c0_0, 0;
    %load/vec4 v000001f9a0e0c620_0;
    %assign/vec4 v000001f9a0e0c440_0, 0;
    %load/vec4 v000001f9a0e0c6c0_0;
    %assign/vec4 v000001f9a0e0ce40_0, 0;
    %load/vec4 v000001f9a0e0d2a0_0;
    %assign/vec4 v000001f9a0e0c760_0, 0;
    %load/vec4 v000001f9a0e0c8a0_0;
    %assign/vec4 v000001f9a0e0c800_0, 0;
    %jmp T_0;
    .thread T_0;
    .scope S_000001f9a0de2a10;
T_1 ;
    %wait E_000001f9a0e06e90;
    %load/vec4 v000001f9a0e750b0_0;
    %flag_set/vec4 8;
    %jmp/0 T_1.0, 8;
    %load/vec4 v000001f9a0e74750_0;
    %flag_set/vec4 9;
    %jmp/0 T_1.2, 9;
    %load/vec4 v000001f9a0e0c760_0;
    %jmp/1 T_1.3, 9;
T_1.2 ; End of true expr.
    %pushi/vec4 0, 0, 4;
    %jmp/0 T_1.3, 9;
 ; End of false expr.
    %blend;
T_1.3;
    %jmp/1 T_1.1, 8;
T_1.0 ; End of true expr.
    %load/vec4 v000001f9a0e0cee0_0;
    %jmp/0 T_1.1, 8;
 ; End of false expr.
    %blend;
T_1.1;
    %store/vec4 v000001f9a0e0cf80_0, 0, 4;
    %load/vec4 v000001f9a0e74430_0;
    %flag_set/vec4 8;
    %jmp/0 T_1.4, 8;
    %load/vec4 v000001f9a0e753d0_0;
    %flag_set/vec4 9;
    %jmp/0 T_1.6, 9;
    %load/vec4 v000001f9a0e0c800_0;
    %jmp/1 T_1.7, 9;
T_1.6 ; End of true expr.
    %pushi/vec4 15, 0, 4;
    %jmp/0 T_1.7, 9;
 ; End of false expr.
    %blend;
T_1.7;
    %jmp/1 T_1.5, 8;
T_1.4 ; End of true expr.
    %load/vec4 v000001f9a0e0d0c0_0;
    %jmp/0 T_1.5, 8;
 ; End of false expr.
    %blend;
T_1.5;
    %store/vec4 v000001f9a0e0c580_0, 0, 4;
    %load/vec4 v000001f9a0e73a30_0;
    %flag_set/vec4 8;
    %jmp/0 T_1.8, 8;
    %load/vec4 v000001f9a0e73990_0;
    %jmp/1 T_1.9, 8;
T_1.8 ; End of true expr.
    %load/vec4 v000001f9a0e0c440_0;
    %jmp/0 T_1.9, 8;
 ; End of false expr.
    %blend;
T_1.9;
    %store/vec4 v000001f9a0e0c620_0, 0, 4;
    %load/vec4 v000001f9a0e73c10_0;
    %flag_set/vec4 8;
    %jmp/0 T_1.10, 8;
    %load/vec4 v000001f9a0e73f30_0;
    %jmp/1 T_1.11, 8;
T_1.10 ; End of true expr.
    %load/vec4 v000001f9a0e0ce40_0;
    %jmp/0 T_1.11, 8;
 ; End of false expr.
    %blend;
T_1.11;
    %store/vec4 v000001f9a0e0c6c0_0, 0, 8;
    %load/vec4 v000001f9a0e73cb0_0;
    %flag_set/vec4 8;
    %jmp/0 T_1.12, 8;
    %load/vec4 v000001f9a0e73ad0_0;
    %jmp/1 T_1.13, 8;
T_1.12 ; End of true expr.
    %load/vec4 v000001f9a0e0d2a0_0;
    %jmp/0 T_1.13, 8;
 ; End of false expr.
    %blend;
T_1.13;
    %store/vec4 v000001f9a0e0d2a0_0, 0, 4;
    %load/vec4 v000001f9a0e75150_0;
    %flag_set/vec4 8;
    %jmp/0 T_1.14, 8;
    %load/vec4 v000001f9a0e74930_0;
    %jmp/1 T_1.15, 8;
T_1.14 ; End of true expr.
    %load/vec4 v000001f9a0e0c8a0_0;
    %jmp/0 T_1.15, 8;
 ; End of false expr.
    %blend;
T_1.15;
    %store/vec4 v000001f9a0e0c8a0_0, 0, 4;
    %jmp T_1;
    .thread T_1, $push;
    .scope S_000001f9a0de2a10;
T_2 ;
    %wait E_000001f9a0e06c10;
    %load/vec4 v000001f9a0e74a70_0;
    %load/vec4 v000001f9a0e75330_0;
    %concat/vec4; draw_concat_vec4
    %load/vec4 v000001f9a0e75510_0;
    %concat/vec4; draw_concat_vec4
    %store/vec4 v000001f9a0e75470_0, 0, 3;
    %jmp T_2;
    .thread T_2, $push;
    .scope S_000001f9a0de2a10;
T_3 ;
    %wait E_000001f9a0e07590;
    %load/vec4 v000001f9a0e0cee0_0;
    %load/vec4 v000001f9a0e0d0c0_0;
    %cmp/e;
    %flag_get/vec4 4;
    %store/vec4 v000001f9a0e73d50_0, 0, 1;
    %jmp T_3;
    .thread T_3;
# The file index is used to find the file name in the following table.
:file_names 3;
    "N/A";
    "<interactive>";
    "datapath.v";
